Determining if the pthread_create exist failed with the following output:
Change Dir: /home/agx/catkin_ws/src/serial_communication/build/CMakeFiles/CMakeTmp

Run Build Command:"/usr/bin/make" "cmTC_8af27/fast"
/usr/bin/make -f CMakeFiles/cmTC_8af27.dir/build.make CMakeFiles/cmTC_8af27.dir/build
make[1]: 进入目录“/home/agx/catkin_ws/src/serial_communication/build/CMakeFiles/CMakeTmp”
Building C object CMakeFiles/cmTC_8af27.dir/CheckSymbolExists.c.o
/usr/bin/cc    -o CMakeFiles/cmTC_8af27.dir/CheckSymbolExists.c.o   -c /home/agx/catkin_ws/src/serial_communication/build/CMakeFiles/CMakeTmp/CheckSymbolExists.c
Linking C executable cmTC_8af27
/usr/bin/cmake -E cmake_link_script CMakeFiles/cmTC_8af27.dir/link.txt --verbose=1
/usr/bin/cc      -rdynamic CMakeFiles/cmTC_8af27.dir/CheckSymbolExists.c.o  -o cmTC_8af27 
CMakeFiles/cmTC_8af27.dir/CheckSymbolExists.c.o：在函数‘main’中：
CheckSymbolExists.c:(.text+0x14)：对‘pthread_create’未定义的引用
CheckSymbolExists.c:(.text+0x18)：对‘pthread_create’未定义的引用
collect2: error: ld returned 1 exit status
CMakeFiles/cmTC_8af27.dir/build.make:97: recipe for target 'cmTC_8af27' failed
make[1]: *** [cmTC_8af27] Error 1
make[1]: 离开目录“/home/agx/catkin_ws/src/serial_communication/build/CMakeFiles/CMakeTmp”
Makefile:126: recipe for target 'cmTC_8af27/fast' failed
make: *** [cmTC_8af27/fast] Error 2

File /home/agx/catkin_ws/src/serial_communication/build/CMakeFiles/CMakeTmp/CheckSymbolExists.c:
/* */
#include <pthread.h>

int main(int argc, char** argv)
{
  (void)argv;
#ifndef pthread_create
  return ((int*)(&pthread_create))[argc];
#else
  (void)argc;
  return 0;
#endif
}

Determining if the function pthread_create exists in the pthreads failed with the following output:
Change Dir: /home/agx/catkin_ws/src/serial_communication/build/CMakeFiles/CMakeTmp

Run Build Command:"/usr/bin/make" "cmTC_601d5/fast"
/usr/bin/make -f CMakeFiles/cmTC_601d5.dir/build.make CMakeFiles/cmTC_601d5.dir/build
make[1]: 进入目录“/home/agx/catkin_ws/src/serial_communication/build/CMakeFiles/CMakeTmp”
Building C object CMakeFiles/cmTC_601d5.dir/CheckFunctionExists.c.o
/usr/bin/cc   -DCHECK_FUNCTION_EXISTS=pthread_create   -o CMakeFiles/cmTC_601d5.dir/CheckFunctionExists.c.o   -c /usr/share/cmake-3.10/Modules/CheckFunctionExists.c
Linking C executable cmTC_601d5
/usr/bin/cmake -E cmake_link_script CMakeFiles/cmTC_601d5.dir/link.txt --verbose=1
/usr/bin/cc  -DCHECK_FUNCTION_EXISTS=pthread_create    -rdynamic CMakeFiles/cmTC_601d5.dir/CheckFunctionExists.c.o  -o cmTC_601d5 -lpthreads 
/usr/bin/ld: 找不到 -lpthreads
collect2: error: ld returned 1 exit status
CMakeFiles/cmTC_601d5.dir/build.make:97: recipe for target 'cmTC_601d5' failed
make[1]: *** [cmTC_601d5] Error 1
make[1]: 离开目录“/home/agx/catkin_ws/src/serial_communication/build/CMakeFiles/CMakeTmp”
Makefile:126: recipe for target 'cmTC_601d5/fast' failed
make: *** [cmTC_601d5/fast] Error 2


